{"D:\\goit\\node-start\\lesson3\\spec\\imgOptSpec.js":{"path":"D:\\goit\\node-start\\lesson3\\spec\\imgOptSpec.js","s":{"1":1,"2":1,"3":1,"4":1,"5":1,"6":1,"7":1,"8":1,"9":1,"10":0,"11":0,"12":0,"13":0,"14":0,"15":0,"16":0,"17":0,"18":0},"b":{},"f":{"1":0,"2":0,"3":0,"4":0,"5":0},"fnMap":{"1":{"name":"(anonymous_1)","line":25,"loc":{"start":{"line":25,"column":40},"end":{"line":25,"column":51}}},"2":{"name":"(anonymous_2)","line":27,"loc":{"start":{"line":27,"column":25},"end":{"line":27,"column":40}}},"3":{"name":"(anonymous_3)","line":28,"loc":{"start":{"line":28,"column":27},"end":{"line":28,"column":60}}},"4":{"name":"(anonymous_4)","line":35,"loc":{"start":{"line":35,"column":34},"end":{"line":35,"column":49}}},"5":{"name":"(anonymous_5)","line":36,"loc":{"start":{"line":36,"column":26},"end":{"line":36,"column":40}}}},"statementMap":{"1":{"start":{"line":2,"column":0},"end":{"line":2,"column":33}},"2":{"start":{"line":3,"column":0},"end":{"line":3,"column":25}},"3":{"start":{"line":4,"column":0},"end":{"line":4,"column":31}},"4":{"start":{"line":5,"column":0},"end":{"line":5,"column":46}},"5":{"start":{"line":7,"column":0},"end":{"line":7,"column":44}},"6":{"start":{"line":9,"column":0},"end":{"line":11,"column":2}},"7":{"start":{"line":13,"column":0},"end":{"line":21,"column":5}},"8":{"start":{"line":23,"column":0},"end":{"line":23,"column":13}},"9":{"start":{"line":25,"column":0},"end":{"line":41,"column":3}},"10":{"start":{"line":27,"column":1},"end":{"line":33,"column":4}},"11":{"start":{"line":28,"column":2},"end":{"line":32,"column":5}},"12":{"start":{"line":29,"column":3},"end":{"line":29,"column":24}},"13":{"start":{"line":30,"column":3},"end":{"line":30,"column":36}},"14":{"start":{"line":31,"column":3},"end":{"line":31,"column":10}},"15":{"start":{"line":35,"column":4},"end":{"line":40,"column":7}},"16":{"start":{"line":36,"column":6},"end":{"line":39,"column":9}},"17":{"start":{"line":37,"column":7},"end":{"line":37,"column":40}},"18":{"start":{"line":38,"column":8},"end":{"line":38,"column":15}}},"branchMap":{}}}